
> @effect-cats/server@0.1.0 build
> tsc -p tsconfig.json

src/Api.ts(2,25): error TS6305: Output file '/app/packages/domain/dist/CatsApi.d.ts' has not been built from source file '/app/packages/domain/src/CatsApi.ts'.
src/CatsApiImpl.ts(2,25): error TS6305: Output file '/app/packages/domain/dist/CatsApi.d.ts' has not been built from source file '/app/packages/domain/src/CatsApi.ts'.
src/CatsApiImpl.ts(6,58): error TS2345: Argument of type '"cats"' is not assignable to parameter of type 'never'.
src/CatsApiImpl.ts(8,31): error TS2345: Argument of type '<Self, Shape>() => TagClass<Self, CatsRepository, Shape>' is not assignable to parameter of type 'Effect<unknown, unknown, unknown>'.
src/CatsApiImpl.ts(10,15): error TS2345: Argument of type '"getAllCats"' is not assignable to parameter of type 'never'.
src/CatsApiImpl.ts(10,35): error TS18046: 'catsRepo' is of type 'unknown'.
src/CatsApiImpl.ts(11,15): error TS2345: Argument of type '"getCatById"' is not assignable to parameter of type 'never'.
src/CatsApiImpl.ts(11,51): error TS18046: 'catsRepo' is of type 'unknown'.
src/CatsApiImpl.ts(12,15): error TS2345: Argument of type '"createCat"' is not assignable to parameter of type 'never'.
src/CatsApiImpl.ts(13,9): error TS18046: 'catsRepo' is of type 'unknown'.
src/CatsApiImpl.ts(15,15): error TS2345: Argument of type '"updateCat"' is not assignable to parameter of type 'never'.
src/CatsApiImpl.ts(16,9): error TS18046: 'catsRepo' is of type 'unknown'.
src/CatsApiImpl.ts(18,15): error TS2345: Argument of type '"deleteCat"' is not assignable to parameter of type 'never'.
src/CatsApiImpl.ts(18,50): error TS18046: 'catsRepo' is of type 'unknown'.
src/CatsRepository.ts(1,29): error TS6305: Output file '/app/packages/domain/dist/CatsApi.d.ts' has not been built from source file '/app/packages/domain/src/CatsApi.ts'.
src/CatsRepository.ts(2,28): error TS2307: Cannot find module '@effect-cats/domain/cats' or its corresponding type declarations.
src/CatsRepository.ts(3,48): error TS2305: Module '"effect"' has no exported member 'ReadonlyArray'.
src/CatsRepository.ts(15,43): error TS2344: Type 'CatsRepository' does not satisfy the constraint 'string'.
src/CatsRepository.ts(18,46): error TS2345: Argument of type '<Self, Shape>() => TagClass<Self, CatsRepository, Shape>' is not assignable to parameter of type 'Tag<unknown, unknown>'.
src/main.ts(9,14): error TS2339: Property 'HttpServerConfig' does not exist on type 'typeof import("/app/node_modules/@effect/platform/dist/dts/HttpServer")'.
src/main.ts(10,14): error TS2339: Property 'HttpServerConfig' does not exist on type 'typeof import("/app/node_modules/@effect/platform/dist/dts/HttpServer")'.
src/main.ts(10,35): error TS7006: Parameter '_' implicitly has an 'any' type.
src/main.ts(18,3): error TS2345: Argument of type '<E, R>(self: HttpRouter<E, R>) => HttpRouter<unknown, unknown>' is not assignable to parameter of type '(_: typeof Default) => HttpRouter<unknown, unknown>'.
  Types of parameters 'self' and '_' are incompatible.
    Type 'typeof Default' is missing the following properties from type 'HttpRouter<unknown, unknown>': routes, mounts, [TypeId]
src/main.ts(18,21): error TS2345: Argument of type 'Layer<Api, never, never>' is not assignable to parameter of type 'HttpRouter<unknown, unknown>'.
  Type 'Layer<Api, never, never>' is missing the following properties from type 'HttpRouter<unknown, unknown>': routes, mounts, [TypeId], [Symbol.iterator], and 6 more.
src/main.ts(20,14): error TS2339: Property 'setConfig' does not exist on type 'typeof import("/app/node_modules/@effect/platform/dist/dts/HttpServer")'.
src/main.ts(20,35): error TS2339: Property 'HttpServerConfig' does not exist on type 'typeof import("/app/node_modules/@effect/platform/dist/dts/HttpServer")'.
src/main.ts(21,17): error TS2769: No overload matches this call.
  Overload 1 of 4, '(that: Layer<unknown, unknown, unknown>): <RIn2, E2, ROut2>(self: Layer<ROut2, E2, RIn2>) => Layer<ROut2, unknown, unknown>', gave the following error.
    Argument of type '(evaluate: LazyArg<Server<typeof IncomingMessage, typeof ServerResponse>>, options: ListenOptions) => Layer<HttpPlatform | Generator | HttpServer | NodeContext, ServeError, never>' is not assignable to parameter of type 'Layer<unknown, unknown, unknown>'.
  Overload 2 of 4, '(that: [Any, ...Any[]]): <A, E, R>(self: Layer<A, E, R>) => Layer<A, E, Exclude<R, never>>', gave the following error.
    Argument of type '(evaluate: LazyArg<Server<typeof IncomingMessage, typeof ServerResponse>>, options: ListenOptions) => Layer<HttpPlatform | Generator | HttpServer | NodeContext, ServeError, never>' is not assignable to parameter of type '[Any, ...Any[]]'.
src/main.ts(25,27): error TS2339: Property 'pipe' does not exist on type 'never'.
npm ERR! Lifecycle script `build` failed with error:
npm ERR! Error: command failed
npm ERR!   in workspace: @effect-cats/server@0.1.0
npm ERR!   at location: /app/packages/server
